<?xml version="1.0" encoding="UTF-8"?>
<testng-results skipped="0" failed="0" ignored="0" total="1" passed="1">
  <reporter-output>
  </reporter-output>
  <suite name="Default suite" duration-ms="11158" started-at="2020-05-29T10:37:16Z" finished-at="2020-05-29T10:37:27Z">
    <groups>
    </groups>
    <test name="Default test" duration-ms="11158" started-at="2020-05-29T10:37:16Z" finished-at="2020-05-29T10:37:27Z">
      <class name="com.goibibo.searchFlight.snehalLaunch">
        <test-method status="PASS" signature="launchUrl()[pri:0, instance:com.goibibo.searchFlight.snehalLaunch@262b2c86]" name="launchUrl" duration-ms="11128" started-at="2020-05-29T10:37:16Z" finished-at="2020-05-29T10:37:27Z">
          <reporter-output>
          </reporter-output>
        </test-method> <!-- launchUrl -->
      </class> <!-- com.goibibo.searchFlight.snehalLaunch -->
    </test> <!-- Default test -->
  </suite> <!-- Default suite -->
</testng-results>
